[1.024s] colcon DEBUG Command line arguments: ['/usr/bin/colcon', 'list', '-p', '--base-paths', '/home/skorp321/roboviz_ws']
[1.024s] colcon DEBUG Parsed command line arguments: Namespace(log_base=None, log_level=None, verb_name='list', build_base='build', ignore_user_meta=False, metas=['./colcon.meta'], base_paths=['/home/skorp321/roboviz_ws'], packages_ignore=None, packages_ignore_regex=None, paths=None, packages_up_to=None, packages_up_to_regex=None, packages_above=None, packages_above_and_dependencies=None, packages_above_depth=None, packages_select_by_dep=None, packages_skip_by_dep=None, packages_skip_up_to=None, packages_select_build_failed=False, packages_skip_build_finished=False, packages_select_test_failures=False, packages_skip_test_passed=False, packages_select=None, packages_skip=None, packages_select_regex=None, packages_skip_regex=None, packages_start=None, packages_end=None, allow_overriding=[], topological_order=False, names_only=False, paths_only=True, topological_graph=False, topological_graph_dot=False, topological_graph_density=False, topological_graph_legend=False, topological_graph_dot_cluster=False, topological_graph_dot_include_skipped=False, verb_parser=<colcon_defaults.argument_parser.defaults.DefaultArgumentsDecorator object at 0x7fbc3d8ec5b0>, verb_extension=<colcon_package_information.verb.list.ListVerb object at 0x7fbc3d98c7c0>, main=<bound method ListVerb.main of <colcon_package_information.verb.list.ListVerb object at 0x7fbc3d98c7c0>>)
[1.074s] colcon.colcon_core.package_discovery Level 1 discover_packages(colcon_meta) check parameters
[1.075s] colcon.colcon_core.package_discovery Level 1 discover_packages(recursive) check parameters
[1.075s] colcon.colcon_core.package_discovery Level 1 discover_packages(ignore) check parameters
[1.075s] colcon.colcon_core.package_discovery Level 1 discover_packages(path) check parameters
[1.075s] colcon.colcon_core.package_discovery Level 1 discover_packages(recursive) discover
[1.075s] colcon.colcon_core.package_discovery INFO Crawling recursively for packages in '/home/skorp321/roboviz_ws'
[1.075s] colcon.colcon_core.package_identification Level 1 _identify(/home/skorp321/roboviz_ws) by extensions ['ignore', 'ignore_ament_install']
[1.075s] colcon.colcon_core.package_identification Level 1 _identify(/home/skorp321/roboviz_ws) by extension 'ignore'
[1.075s] colcon.colcon_core.package_identification Level 1 _identify(/home/skorp321/roboviz_ws) by extension 'ignore_ament_install'
[1.075s] colcon.colcon_core.package_identification Level 1 _identify(/home/skorp321/roboviz_ws) by extensions ['colcon_pkg']
[1.075s] colcon.colcon_core.package_identification Level 1 _identify(/home/skorp321/roboviz_ws) by extension 'colcon_pkg'
[1.075s] colcon.colcon_core.package_identification Level 1 _identify(/home/skorp321/roboviz_ws) by extensions ['colcon_meta']
[1.075s] colcon.colcon_core.package_identification Level 1 _identify(/home/skorp321/roboviz_ws) by extension 'colcon_meta'
[1.075s] colcon.colcon_core.package_identification Level 1 _identify(/home/skorp321/roboviz_ws) by extensions ['ros']
[1.075s] colcon.colcon_core.package_identification Level 1 _identify(/home/skorp321/roboviz_ws) by extension 'ros'
[1.084s] colcon.colcon_core.package_identification Level 1 _identify(/home/skorp321/roboviz_ws) by extensions ['cmake', 'python']
[1.084s] colcon.colcon_core.package_identification Level 1 _identify(/home/skorp321/roboviz_ws) by extension 'cmake'
[1.084s] colcon.colcon_core.package_identification Level 1 _identify(/home/skorp321/roboviz_ws) by extension 'python'
[1.084s] colcon.colcon_core.package_identification Level 1 _identify(/home/skorp321/roboviz_ws) by extensions ['python_setup_py']
[1.084s] colcon.colcon_core.package_identification Level 1 _identify(/home/skorp321/roboviz_ws) by extension 'python_setup_py'
[1.084s] colcon.colcon_core.package_identification Level 1 _identify(/home/skorp321/roboviz_ws/build) by extensions ['ignore', 'ignore_ament_install']
[1.084s] colcon.colcon_core.package_identification Level 1 _identify(/home/skorp321/roboviz_ws/build) by extension 'ignore'
[1.084s] colcon.colcon_core.package_identification Level 1 _identify(/home/skorp321/roboviz_ws/build) ignored
[1.084s] colcon.colcon_core.package_identification Level 1 _identify(/home/skorp321/roboviz_ws/install) by extensions ['ignore', 'ignore_ament_install']
[1.085s] colcon.colcon_core.package_identification Level 1 _identify(/home/skorp321/roboviz_ws/install) by extension 'ignore'
[1.085s] colcon.colcon_core.package_identification Level 1 _identify(/home/skorp321/roboviz_ws/install) ignored
[1.085s] colcon.colcon_core.package_identification Level 1 _identify(/home/skorp321/roboviz_ws/log) by extensions ['ignore', 'ignore_ament_install']
[1.085s] colcon.colcon_core.package_identification Level 1 _identify(/home/skorp321/roboviz_ws/log) by extension 'ignore'
[1.085s] colcon.colcon_core.package_identification Level 1 _identify(/home/skorp321/roboviz_ws/log) ignored
[1.085s] colcon.colcon_core.package_identification Level 1 _identify(/home/skorp321/roboviz_ws/src) by extensions ['ignore', 'ignore_ament_install']
[1.085s] colcon.colcon_core.package_identification Level 1 _identify(/home/skorp321/roboviz_ws/src) by extension 'ignore'
[1.085s] colcon.colcon_core.package_identification Level 1 _identify(/home/skorp321/roboviz_ws/src) by extension 'ignore_ament_install'
[1.085s] colcon.colcon_core.package_identification Level 1 _identify(/home/skorp321/roboviz_ws/src) by extensions ['colcon_pkg']
[1.085s] colcon.colcon_core.package_identification Level 1 _identify(/home/skorp321/roboviz_ws/src) by extension 'colcon_pkg'
[1.085s] colcon.colcon_core.package_identification Level 1 _identify(/home/skorp321/roboviz_ws/src) by extensions ['colcon_meta']
[1.085s] colcon.colcon_core.package_identification Level 1 _identify(/home/skorp321/roboviz_ws/src) by extension 'colcon_meta'
[1.085s] colcon.colcon_core.package_identification Level 1 _identify(/home/skorp321/roboviz_ws/src) by extensions ['ros']
[1.085s] colcon.colcon_core.package_identification Level 1 _identify(/home/skorp321/roboviz_ws/src) by extension 'ros'
[1.085s] colcon.colcon_core.package_identification Level 1 _identify(/home/skorp321/roboviz_ws/src) by extensions ['cmake', 'python']
[1.085s] colcon.colcon_core.package_identification Level 1 _identify(/home/skorp321/roboviz_ws/src) by extension 'cmake'
[1.085s] colcon.colcon_core.package_identification Level 1 _identify(/home/skorp321/roboviz_ws/src) by extension 'python'
[1.085s] colcon.colcon_core.package_identification Level 1 _identify(/home/skorp321/roboviz_ws/src) by extensions ['python_setup_py']
[1.085s] colcon.colcon_core.package_identification Level 1 _identify(/home/skorp321/roboviz_ws/src) by extension 'python_setup_py'
[1.085s] colcon.colcon_core.package_identification Level 1 _identify(/home/skorp321/roboviz_ws/src/robot_ros2_description) by extensions ['ignore', 'ignore_ament_install']
[1.086s] colcon.colcon_core.package_identification Level 1 _identify(/home/skorp321/roboviz_ws/src/robot_ros2_description) by extension 'ignore'
[1.086s] colcon.colcon_core.package_identification Level 1 _identify(/home/skorp321/roboviz_ws/src/robot_ros2_description) by extension 'ignore_ament_install'
[1.086s] colcon.colcon_core.package_identification Level 1 _identify(/home/skorp321/roboviz_ws/src/robot_ros2_description) by extensions ['colcon_pkg']
[1.086s] colcon.colcon_core.package_identification Level 1 _identify(/home/skorp321/roboviz_ws/src/robot_ros2_description) by extension 'colcon_pkg'
[1.086s] colcon.colcon_core.package_identification Level 1 _identify(/home/skorp321/roboviz_ws/src/robot_ros2_description) by extensions ['colcon_meta']
[1.086s] colcon.colcon_core.package_identification Level 1 _identify(/home/skorp321/roboviz_ws/src/robot_ros2_description) by extension 'colcon_meta'
[1.086s] colcon.colcon_core.package_identification Level 1 _identify(/home/skorp321/roboviz_ws/src/robot_ros2_description) by extensions ['ros']
[1.086s] colcon.colcon_core.package_identification Level 1 _identify(/home/skorp321/roboviz_ws/src/robot_ros2_description) by extension 'ros'
[1.088s] colcon.colcon_core.package_identification DEBUG Package '/home/skorp321/roboviz_ws/src/robot_ros2_description' with type 'ros.ament_cmake' and name 'robot_ros2_description'
[1.088s] colcon.colcon_core.package_discovery Level 1 discover_packages(recursive) using defaults
